<?xml version="1.0" encoding="UTF-8"?>
<testsuite xmlns:xsi="http://www.w3.org/2001/XMLSchema-instance" xsi:noNamespaceSchemaLocation="https://maven.apache.org/surefire/maven-surefire-plugin/xsd/surefire-test-report.xsd" name="com.hxy.video.VideoProjectApplicationTests" time="3.724" tests="1" errors="0" skipped="0" failures="0">
  <properties>
    <property name="sun.desktop" value="windows"/>
    <property name="awt.toolkit" value="sun.awt.windows.WToolkit"/>
    <property name="file.encoding.pkg" value="sun.io"/>
    <property name="java.specification.version" value="1.8"/>
    <property name="sun.cpu.isalist" value="amd64"/>
    <property name="sun.jnu.encoding" value="GBK"/>
    <property name="java.class.path" value="D:\workspace\idea\myself\video-project\target\test-classes;D:\workspace\idea\myself\video-project\target\classes;D:\mvnRespo\org\springframework\boot\spring-boot-starter-web\2.7.10\spring-boot-starter-web-2.7.10.jar;D:\mvnRespo\org\springframework\boot\spring-boot-starter\2.7.10\spring-boot-starter-2.7.10.jar;D:\mvnRespo\org\springframework\boot\spring-boot\2.7.10\spring-boot-2.7.10.jar;D:\mvnRespo\org\springframework\boot\spring-boot-autoconfigure\2.7.10\spring-boot-autoconfigure-2.7.10.jar;D:\mvnRespo\org\springframework\boot\spring-boot-starter-logging\2.7.10\spring-boot-starter-logging-2.7.10.jar;D:\mvnRespo\ch\qos\logback\logback-classic\1.2.11\logback-classic-1.2.11.jar;D:\mvnRespo\ch\qos\logback\logback-core\1.2.11\logback-core-1.2.11.jar;D:\mvnRespo\org\apache\logging\log4j\log4j-to-slf4j\2.17.2\log4j-to-slf4j-2.17.2.jar;D:\mvnRespo\org\apache\logging\log4j\log4j-api\2.17.2\log4j-api-2.17.2.jar;D:\mvnRespo\org\slf4j\jul-to-slf4j\1.7.36\jul-to-slf4j-1.7.36.jar;D:\mvnRespo\jakarta\annotation\jakarta.annotation-api\1.3.5\jakarta.annotation-api-1.3.5.jar;D:\mvnRespo\org\yaml\snakeyaml\1.30\snakeyaml-1.30.jar;D:\mvnRespo\org\springframework\boot\spring-boot-starter-json\2.7.10\spring-boot-starter-json-2.7.10.jar;D:\mvnRespo\com\fasterxml\jackson\core\jackson-databind\2.13.5\jackson-databind-2.13.5.jar;D:\mvnRespo\com\fasterxml\jackson\core\jackson-annotations\2.13.5\jackson-annotations-2.13.5.jar;D:\mvnRespo\com\fasterxml\jackson\core\jackson-core\2.13.5\jackson-core-2.13.5.jar;D:\mvnRespo\com\fasterxml\jackson\datatype\jackson-datatype-jdk8\2.13.5\jackson-datatype-jdk8-2.13.5.jar;D:\mvnRespo\com\fasterxml\jackson\datatype\jackson-datatype-jsr310\2.13.5\jackson-datatype-jsr310-2.13.5.jar;D:\mvnRespo\com\fasterxml\jackson\module\jackson-module-parameter-names\2.13.5\jackson-module-parameter-names-2.13.5.jar;D:\mvnRespo\org\springframework\boot\spring-boot-starter-tomcat\2.7.10\spring-boot-starter-tomcat-2.7.10.jar;D:\mvnRespo\org\apache\tomcat\embed\tomcat-embed-core\9.0.73\tomcat-embed-core-9.0.73.jar;D:\mvnRespo\org\apache\tomcat\embed\tomcat-embed-el\9.0.73\tomcat-embed-el-9.0.73.jar;D:\mvnRespo\org\apache\tomcat\embed\tomcat-embed-websocket\9.0.73\tomcat-embed-websocket-9.0.73.jar;D:\mvnRespo\org\springframework\spring-web\5.3.26\spring-web-5.3.26.jar;D:\mvnRespo\org\springframework\spring-beans\5.3.26\spring-beans-5.3.26.jar;D:\mvnRespo\org\springframework\spring-webmvc\5.3.26\spring-webmvc-5.3.26.jar;D:\mvnRespo\org\springframework\spring-aop\5.3.26\spring-aop-5.3.26.jar;D:\mvnRespo\org\springframework\spring-context\5.3.26\spring-context-5.3.26.jar;D:\mvnRespo\org\springframework\spring-expression\5.3.26\spring-expression-5.3.26.jar;D:\mvnRespo\org\springframework\boot\spring-boot-starter-test\2.7.10\spring-boot-starter-test-2.7.10.jar;D:\mvnRespo\org\springframework\boot\spring-boot-test\2.7.10\spring-boot-test-2.7.10.jar;D:\mvnRespo\org\springframework\boot\spring-boot-test-autoconfigure\2.7.10\spring-boot-test-autoconfigure-2.7.10.jar;D:\mvnRespo\com\jayway\jsonpath\json-path\2.7.0\json-path-2.7.0.jar;D:\mvnRespo\net\minidev\json-smart\2.4.10\json-smart-2.4.10.jar;D:\mvnRespo\net\minidev\accessors-smart\2.4.9\accessors-smart-2.4.9.jar;D:\mvnRespo\org\ow2\asm\asm\9.3\asm-9.3.jar;D:\mvnRespo\org\slf4j\slf4j-api\1.7.36\slf4j-api-1.7.36.jar;D:\mvnRespo\jakarta\xml\bind\jakarta.xml.bind-api\2.3.3\jakarta.xml.bind-api-2.3.3.jar;D:\mvnRespo\jakarta\activation\jakarta.activation-api\1.2.2\jakarta.activation-api-1.2.2.jar;D:\mvnRespo\org\assertj\assertj-core\3.22.0\assertj-core-3.22.0.jar;D:\mvnRespo\org\hamcrest\hamcrest\2.2\hamcrest-2.2.jar;D:\mvnRespo\org\junit\jupiter\junit-jupiter\5.8.2\junit-jupiter-5.8.2.jar;D:\mvnRespo\org\junit\jupiter\junit-jupiter-api\5.8.2\junit-jupiter-api-5.8.2.jar;D:\mvnRespo\org\opentest4j\opentest4j\1.2.0\opentest4j-1.2.0.jar;D:\mvnRespo\org\junit\platform\junit-platform-commons\1.8.2\junit-platform-commons-1.8.2.jar;D:\mvnRespo\org\apiguardian\apiguardian-api\1.1.2\apiguardian-api-1.1.2.jar;D:\mvnRespo\org\junit\jupiter\junit-jupiter-params\5.8.2\junit-jupiter-params-5.8.2.jar;D:\mvnRespo\org\junit\jupiter\junit-jupiter-engine\5.8.2\junit-jupiter-engine-5.8.2.jar;D:\mvnRespo\org\junit\platform\junit-platform-engine\1.8.2\junit-platform-engine-1.8.2.jar;D:\mvnRespo\org\mockito\mockito-core\4.5.1\mockito-core-4.5.1.jar;D:\mvnRespo\net\bytebuddy\byte-buddy\1.12.23\byte-buddy-1.12.23.jar;D:\mvnRespo\net\bytebuddy\byte-buddy-agent\1.12.23\byte-buddy-agent-1.12.23.jar;D:\mvnRespo\org\objenesis\objenesis\3.2\objenesis-3.2.jar;D:\mvnRespo\org\mockito\mockito-junit-jupiter\4.5.1\mockito-junit-jupiter-4.5.1.jar;D:\mvnRespo\org\skyscreamer\jsonassert\1.5.1\jsonassert-1.5.1.jar;D:\mvnRespo\com\vaadin\external\google\android-json\0.0.20131108.vaadin1\android-json-0.0.20131108.vaadin1.jar;D:\mvnRespo\org\springframework\spring-core\5.3.26\spring-core-5.3.26.jar;D:\mvnRespo\org\springframework\spring-jcl\5.3.26\spring-jcl-5.3.26.jar;D:\mvnRespo\org\springframework\spring-test\5.3.26\spring-test-5.3.26.jar;D:\mvnRespo\org\xmlunit\xmlunit-core\2.9.1\xmlunit-core-2.9.1.jar;D:\mvnRespo\org\springframework\boot\spring-boot-starter-thymeleaf\2.7.10\spring-boot-starter-thymeleaf-2.7.10.jar;D:\mvnRespo\org\thymeleaf\thymeleaf-spring5\3.0.15.RELEASE\thymeleaf-spring5-3.0.15.RELEASE.jar;D:\mvnRespo\org\thymeleaf\thymeleaf\3.0.15.RELEASE\thymeleaf-3.0.15.RELEASE.jar;D:\mvnRespo\org\attoparser\attoparser\2.0.5.RELEASE\attoparser-2.0.5.RELEASE.jar;D:\mvnRespo\org\unbescape\unbescape\1.1.6.RELEASE\unbescape-1.1.6.RELEASE.jar;D:\mvnRespo\org\thymeleaf\extras\thymeleaf-extras-java8time\3.0.4.RELEASE\thymeleaf-extras-java8time-3.0.4.RELEASE.jar;D:\mvnRespo\commons-lang\commons-lang\2.5\commons-lang-2.5.jar;"/>
    <property name="java.vm.vendor" value="Oracle Corporation"/>
    <property name="sun.arch.data.model" value="64"/>
    <property name="user.variant" value=""/>
    <property name="java.vendor.url" value="http://java.oracle.com/"/>
    <property name="user.timezone" value="Asia/Shanghai"/>
    <property name="java.vm.specification.version" value="1.8"/>
    <property name="os.name" value="Windows 10"/>
    <property name="user.country" value="CN"/>
    <property name="sun.java.launcher" value="SUN_STANDARD"/>
    <property name="sun.boot.library.path" value="C:\Program Files\Java\jdk1.8.0_201\jre\bin"/>
    <property name="sun.java.command" value="C:\Users\ADMINI~1\AppData\Local\Temp\surefire1279405578085359554\surefirebooter6472618973759647548.jar C:\Users\Administrator\AppData\Local\Temp\surefire1279405578085359554 2023-04-25T12-00-47_637-jvmRun1 surefire24208266049268084tmp surefire_06517888061701060404tmp"/>
    <property name="surefire.test.class.path" value="D:\workspace\idea\myself\video-project\target\test-classes;D:\workspace\idea\myself\video-project\target\classes;D:\mvnRespo\org\springframework\boot\spring-boot-starter-web\2.7.10\spring-boot-starter-web-2.7.10.jar;D:\mvnRespo\org\springframework\boot\spring-boot-starter\2.7.10\spring-boot-starter-2.7.10.jar;D:\mvnRespo\org\springframework\boot\spring-boot\2.7.10\spring-boot-2.7.10.jar;D:\mvnRespo\org\springframework\boot\spring-boot-autoconfigure\2.7.10\spring-boot-autoconfigure-2.7.10.jar;D:\mvnRespo\org\springframework\boot\spring-boot-starter-logging\2.7.10\spring-boot-starter-logging-2.7.10.jar;D:\mvnRespo\ch\qos\logback\logback-classic\1.2.11\logback-classic-1.2.11.jar;D:\mvnRespo\ch\qos\logback\logback-core\1.2.11\logback-core-1.2.11.jar;D:\mvnRespo\org\apache\logging\log4j\log4j-to-slf4j\2.17.2\log4j-to-slf4j-2.17.2.jar;D:\mvnRespo\org\apache\logging\log4j\log4j-api\2.17.2\log4j-api-2.17.2.jar;D:\mvnRespo\org\slf4j\jul-to-slf4j\1.7.36\jul-to-slf4j-1.7.36.jar;D:\mvnRespo\jakarta\annotation\jakarta.annotation-api\1.3.5\jakarta.annotation-api-1.3.5.jar;D:\mvnRespo\org\yaml\snakeyaml\1.30\snakeyaml-1.30.jar;D:\mvnRespo\org\springframework\boot\spring-boot-starter-json\2.7.10\spring-boot-starter-json-2.7.10.jar;D:\mvnRespo\com\fasterxml\jackson\core\jackson-databind\2.13.5\jackson-databind-2.13.5.jar;D:\mvnRespo\com\fasterxml\jackson\core\jackson-annotations\2.13.5\jackson-annotations-2.13.5.jar;D:\mvnRespo\com\fasterxml\jackson\core\jackson-core\2.13.5\jackson-core-2.13.5.jar;D:\mvnRespo\com\fasterxml\jackson\datatype\jackson-datatype-jdk8\2.13.5\jackson-datatype-jdk8-2.13.5.jar;D:\mvnRespo\com\fasterxml\jackson\datatype\jackson-datatype-jsr310\2.13.5\jackson-datatype-jsr310-2.13.5.jar;D:\mvnRespo\com\fasterxml\jackson\module\jackson-module-parameter-names\2.13.5\jackson-module-parameter-names-2.13.5.jar;D:\mvnRespo\org\springframework\boot\spring-boot-starter-tomcat\2.7.10\spring-boot-starter-tomcat-2.7.10.jar;D:\mvnRespo\org\apache\tomcat\embed\tomcat-embed-core\9.0.73\tomcat-embed-core-9.0.73.jar;D:\mvnRespo\org\apache\tomcat\embed\tomcat-embed-el\9.0.73\tomcat-embed-el-9.0.73.jar;D:\mvnRespo\org\apache\tomcat\embed\tomcat-embed-websocket\9.0.73\tomcat-embed-websocket-9.0.73.jar;D:\mvnRespo\org\springframework\spring-web\5.3.26\spring-web-5.3.26.jar;D:\mvnRespo\org\springframework\spring-beans\5.3.26\spring-beans-5.3.26.jar;D:\mvnRespo\org\springframework\spring-webmvc\5.3.26\spring-webmvc-5.3.26.jar;D:\mvnRespo\org\springframework\spring-aop\5.3.26\spring-aop-5.3.26.jar;D:\mvnRespo\org\springframework\spring-context\5.3.26\spring-context-5.3.26.jar;D:\mvnRespo\org\springframework\spring-expression\5.3.26\spring-expression-5.3.26.jar;D:\mvnRespo\org\springframework\boot\spring-boot-starter-test\2.7.10\spring-boot-starter-test-2.7.10.jar;D:\mvnRespo\org\springframework\boot\spring-boot-test\2.7.10\spring-boot-test-2.7.10.jar;D:\mvnRespo\org\springframework\boot\spring-boot-test-autoconfigure\2.7.10\spring-boot-test-autoconfigure-2.7.10.jar;D:\mvnRespo\com\jayway\jsonpath\json-path\2.7.0\json-path-2.7.0.jar;D:\mvnRespo\net\minidev\json-smart\2.4.10\json-smart-2.4.10.jar;D:\mvnRespo\net\minidev\accessors-smart\2.4.9\accessors-smart-2.4.9.jar;D:\mvnRespo\org\ow2\asm\asm\9.3\asm-9.3.jar;D:\mvnRespo\org\slf4j\slf4j-api\1.7.36\slf4j-api-1.7.36.jar;D:\mvnRespo\jakarta\xml\bind\jakarta.xml.bind-api\2.3.3\jakarta.xml.bind-api-2.3.3.jar;D:\mvnRespo\jakarta\activation\jakarta.activation-api\1.2.2\jakarta.activation-api-1.2.2.jar;D:\mvnRespo\org\assertj\assertj-core\3.22.0\assertj-core-3.22.0.jar;D:\mvnRespo\org\hamcrest\hamcrest\2.2\hamcrest-2.2.jar;D:\mvnRespo\org\junit\jupiter\junit-jupiter\5.8.2\junit-jupiter-5.8.2.jar;D:\mvnRespo\org\junit\jupiter\junit-jupiter-api\5.8.2\junit-jupiter-api-5.8.2.jar;D:\mvnRespo\org\opentest4j\opentest4j\1.2.0\opentest4j-1.2.0.jar;D:\mvnRespo\org\junit\platform\junit-platform-commons\1.8.2\junit-platform-commons-1.8.2.jar;D:\mvnRespo\org\apiguardian\apiguardian-api\1.1.2\apiguardian-api-1.1.2.jar;D:\mvnRespo\org\junit\jupiter\junit-jupiter-params\5.8.2\junit-jupiter-params-5.8.2.jar;D:\mvnRespo\org\junit\jupiter\junit-jupiter-engine\5.8.2\junit-jupiter-engine-5.8.2.jar;D:\mvnRespo\org\junit\platform\junit-platform-engine\1.8.2\junit-platform-engine-1.8.2.jar;D:\mvnRespo\org\mockito\mockito-core\4.5.1\mockito-core-4.5.1.jar;D:\mvnRespo\net\bytebuddy\byte-buddy\1.12.23\byte-buddy-1.12.23.jar;D:\mvnRespo\net\bytebuddy\byte-buddy-agent\1.12.23\byte-buddy-agent-1.12.23.jar;D:\mvnRespo\org\objenesis\objenesis\3.2\objenesis-3.2.jar;D:\mvnRespo\org\mockito\mockito-junit-jupiter\4.5.1\mockito-junit-jupiter-4.5.1.jar;D:\mvnRespo\org\skyscreamer\jsonassert\1.5.1\jsonassert-1.5.1.jar;D:\mvnRespo\com\vaadin\external\google\android-json\0.0.20131108.vaadin1\android-json-0.0.20131108.vaadin1.jar;D:\mvnRespo\org\springframework\spring-core\5.3.26\spring-core-5.3.26.jar;D:\mvnRespo\org\springframework\spring-jcl\5.3.26\spring-jcl-5.3.26.jar;D:\mvnRespo\org\springframework\spring-test\5.3.26\spring-test-5.3.26.jar;D:\mvnRespo\org\xmlunit\xmlunit-core\2.9.1\xmlunit-core-2.9.1.jar;D:\mvnRespo\org\springframework\boot\spring-boot-starter-thymeleaf\2.7.10\spring-boot-starter-thymeleaf-2.7.10.jar;D:\mvnRespo\org\thymeleaf\thymeleaf-spring5\3.0.15.RELEASE\thymeleaf-spring5-3.0.15.RELEASE.jar;D:\mvnRespo\org\thymeleaf\thymeleaf\3.0.15.RELEASE\thymeleaf-3.0.15.RELEASE.jar;D:\mvnRespo\org\attoparser\attoparser\2.0.5.RELEASE\attoparser-2.0.5.RELEASE.jar;D:\mvnRespo\org\unbescape\unbescape\1.1.6.RELEASE\unbescape-1.1.6.RELEASE.jar;D:\mvnRespo\org\thymeleaf\extras\thymeleaf-extras-java8time\3.0.4.RELEASE\thymeleaf-extras-java8time-3.0.4.RELEASE.jar;D:\mvnRespo\commons-lang\commons-lang\2.5\commons-lang-2.5.jar;"/>
    <property name="sun.cpu.endian" value="little"/>
    <property name="user.home" value="C:\Users\Administrator"/>
    <property name="user.language" value="zh"/>
    <property name="java.specification.vendor" value="Oracle Corporation"/>
    <property name="java.home" value="C:\Program Files\Java\jdk1.8.0_201\jre"/>
    <property name="basedir" value="D:\workspace\idea\myself\video-project"/>
    <property name="file.separator" value="\"/>
    <property name="line.separator" value="&#10;"/>
    <property name="java.vm.specification.vendor" value="Oracle Corporation"/>
    <property name="java.specification.name" value="Java Platform API Specification"/>
    <property name="java.awt.graphicsenv" value="sun.awt.Win32GraphicsEnvironment"/>
    <property name="surefire.real.class.path" value="C:\Users\ADMINI~1\AppData\Local\Temp\surefire1279405578085359554\surefirebooter6472618973759647548.jar"/>
    <property name="sun.boot.class.path" value="C:\Program Files\Java\jdk1.8.0_201\jre\lib\resources.jar;C:\Program Files\Java\jdk1.8.0_201\jre\lib\rt.jar;C:\Program Files\Java\jdk1.8.0_201\jre\lib\sunrsasign.jar;C:\Program Files\Java\jdk1.8.0_201\jre\lib\jsse.jar;C:\Program Files\Java\jdk1.8.0_201\jre\lib\jce.jar;C:\Program Files\Java\jdk1.8.0_201\jre\lib\charsets.jar;C:\Program Files\Java\jdk1.8.0_201\jre\lib\jfr.jar;C:\Program Files\Java\jdk1.8.0_201\jre\classes"/>
    <property name="user.script" value=""/>
    <property name="sun.management.compiler" value="HotSpot 64-Bit Tiered Compilers"/>
    <property name="java.runtime.version" value="1.8.0_201-b09"/>
    <property name="user.name" value="Administrator"/>
    <property name="path.separator" value=";"/>
    <property name="os.version" value="10.0"/>
    <property name="java.endorsed.dirs" value="C:\Program Files\Java\jdk1.8.0_201\jre\lib\endorsed"/>
    <property name="java.runtime.name" value="Java(TM) SE Runtime Environment"/>
    <property name="file.encoding" value="GBK"/>
    <property name="java.vm.name" value="Java HotSpot(TM) 64-Bit Server VM"/>
    <property name="localRepository" value="D:\mvnRespo"/>
    <property name="java.vendor.url.bug" value="http://bugreport.sun.com/bugreport/"/>
    <property name="java.io.tmpdir" value="C:\Users\ADMINI~1\AppData\Local\Temp\"/>
    <property name="idea.version" value="2021.1.2"/>
    <property name="java.version" value="1.8.0_201"/>
    <property name="user.dir" value="D:\workspace\idea\myself\video-project"/>
    <property name="os.arch" value="amd64"/>
    <property name="java.vm.specification.name" value="Java Virtual Machine Specification"/>
    <property name="java.awt.printerjob" value="sun.awt.windows.WPrinterJob"/>
    <property name="sun.os.patch.level" value=""/>
    <property name="java.library.path" value="C:\Program Files\Java\jdk1.8.0_201\jre\bin;C:\WINDOWS\Sun\Java\bin;C:\WINDOWS\system32;C:\WINDOWS;C:\Program Files (x86)\Common Files\Oracle\Java\javapath;C:\WINDOWS\system32;C:\WINDOWS;C:\WINDOWS\System32\Wbem;C:\WINDOWS\System32\WindowsPowerShell\v1.0\;C:\WINDOWS\System32\OpenSSH\;D:\maven\apache-maven-3.6.3\bin;d:\Program Files\Git\cmd;E:\Program Files\python3.10\python\Scripts\;E:\Program Files\python3.10\python\;C:\Users\Administrator\AppData\Local\Microsoft\WindowsApps;;C:\Users\Administrator\AppData\Local\Programs\Fiddler;."/>
    <property name="java.vm.info" value="mixed mode"/>
    <property name="java.vendor" value="Oracle Corporation"/>
    <property name="java.vm.version" value="25.201-b09"/>
    <property name="java.ext.dirs" value="C:\Program Files\Java\jdk1.8.0_201\jre\lib\ext;C:\WINDOWS\Sun\Java\lib\ext"/>
    <property name="sun.io.unicode.encoding" value="UnicodeLittle"/>
    <property name="java.class.version" value="52.0"/>
  </properties>
  <testcase name="contextLoads" classname="com.hxy.video.VideoProjectApplicationTests" time="0.386"/>
</testsuite>